
Locked,20151228131025
Restored,20151228144138
Unlocked,20151228144142
Locked,20151228180906
Restored,20151228181954
Unlocked,20151228181958
Locked,20151228182836
Restored,20151229084133
Unlocked,20151229084137
Locked,20151229102557
Restored,20151229142118
Unlocked,20151229142121
Locked,20151229143535
Restored,20151229145617
Unlocked,20151229145622
Locked,20151229163926
Restored,20151229165259
Unlocked,20151229165304
Locked,20151229170424
Restored,20151230081227
Unlocked,20151230081232
Locked,20151230084438
Restored,20151230084540
Unlocked,20151230084544
Locked,20151230093314
Restored,20151230093343
Unlocked,20151230093346
Locked,20151230104952
Restored,20151230113733
Unlocked,20151230113736
Locked,20151230140639
Restored,20151230140842
Unlocked,20151230140846
Locked,20151230145914
Restored,20151230150044
Unlocked,20151230150048
Locked,20151230160052
Restored,20151230160125
Unlocked,20151230160128
Locked,20151230175702
Restored,20151231081517
Unlocked,20151231081522
Locked,20151231093413
Restored,20151231101822
Unlocked,20151231101829
Locked,20151231124854
Restored,20151231125023
Unlocked,20151231125027
Locked,20151231125627
Restored,20151231125645
Unlocked,20151231125650
Locked,20151231125718
Restored,20151231143657
Unlocked,20151231143703
Locked,20151231145552
Restored,20151231145915
Unlocked,20151231145921
Locked,20151231162511
Restored,20151231162850
Unlocked,20151231162856
Locked,20151231164249
Restored,20151231164831
Unlocked,20151231164837
Locked,20151231170051
Restored,20151231170447
Unlocked,20151231170453
Locked,20151231174716
Restored,20160101080556
Unlocked,20160101080604
Locked,20160101094809
Restored,20160101100118
Unlocked,20160101100124
Locked,20160101104402
Restored,20160101142633
Unlocked,20160101142640
Locked,20160101165805
Restored,20160102080413
Unlocked,20160102080420
Locked,20160102081747
Restored,20160102081942
Unlocked,20160102081948
Locked,20160102090642
Restored,20160102090911
Unlocked,20160102090919
Locked,20160102122322
Restored,20160102134419
Unlocked,20160102134424
Locked,20160102155629
Restored,20160102171213
Unlocked,20160102171218