
Unlocked,20160524162545
Locked,20160524170239
Restored,20160524170249
Unlocked,20160524170300
Locked,20160524173544
Restored,20160524173545
Unlocked,20160524173556
Locked,20160525055608
Restored,20160525055613
Unlocked,20160525055622
Locked,20160525081630
Restored,20160525081706
Unlocked,20160525081717
Locked,20160525081824
Restored,20160525081833
Unlocked,20160525081845
Locked,20160525092155
Restored,20160525092156
Unlocked,20160525092208
Locked,20160525093351
Restored,20160525093419
Unlocked,20160525093430